<?xml version="1.0" encoding="UTF-8"?>
<!-- Generated by org.testng.reporters.JUnitReportReporter -->
<testsuite hostname="Deepak" failures="0" tests="1" name="org.example.WithoutIdPass" time="0.874" errors="0" timestamp="2023-05-09T00:13:49 IST" skipped="0">
  <testcase classname="org.example.WithoutIdPass" name="getTitleFromPage" time="0.874"/>
  <system-out/>
</testsuite> <!-- org.example.WithoutIdPass -->
