<?xml version="1.0" encoding="UTF-8"?>
<!-- Generated by org.testng.reporters.JUnitReportReporter -->
<testsuite hostname="Deepak" failures="0" tests="1" name="org.example.IncorrectIdPass" time="7.776" errors="0" timestamp="2023-05-09T00:13:49 IST" skipped="0">
  <testcase classname="org.example.IncorrectIdPass" name="getTitleFromPage" time="7.776"/>
  <system-out/>
</testsuite> <!-- org.example.IncorrectIdPass -->
